<?xml version="1.0" encoding="UTF-8"?>
<!-- Generated by org.testng.reporters.JUnitXMLReporter -->
<testsuite hostname="DESKTOP-CGQIUI2" ignored="0" name="Test" tests="8" failures="0" timestamp="2023-02-26T11:46:55 IST" time="342.242" errors="0">
  <testcase name="TestCase1" time="37.712" classname="org.testing.TestScripts.TC1"/>
  <testcase name="TestCase2" time="31.28" classname="org.testing.TestScripts.TC2"/>
  <testcase name="TestCase3" time="30.982" classname="org.testing.TestScripts.TC3"/>
  <testcase name="TestCase4" time="33.187" classname="org.testing.TestScripts.TC4"/>
  <testcase name="TestCase5" time="33.688" classname="org.testing.TestScripts.TC5"/>
  <testcase name="TestCase5" time="49.012" classname="org.testing.TestScripts.TC6"/>
  <testcase name="TestCase3" time="31.958" classname="org.testing.TestScripts.TC7"/>
  <testcase name="TestCase3" time="30.003" classname="org.testing.TestScripts.TC8"/>
</testsuite> <!-- Test -->
